<?xml version="1.0" encoding="UTF-8"?>
<testsuite name="GameOfLife.Test.GameTest" tests="1" skipped="0" failures="0" errors="0" timestamp="2015-02-26T22:44:36" hostname="devtest-HP-ZBook-14" time="0.002">
  <properties/>
  <testcase name="testEqualValuePositions" classname="GameOfLife.Test.GameTest" time="0.002"/>
  <system-out><![CDATA[]]></system-out>
  <system-err><![CDATA[]]></system-err>
</testsuite>
