<?xml version="1.0" encoding="UTF-8"?>
<testsuite name="GameOfLife.Test.GameTest" tests="2" skipped="0" failures="0" errors="0" timestamp="2015-02-26T23:09:59" hostname="devtest-HP-ZBook-14" time="0.01">
  <properties/>
  <testcase name="testEqualValuePositions" classname="GameOfLife.Test.GameTest" time="0.006"/>
  <testcase name="testEqualBoard" classname="GameOfLife.Test.GameTest" time="0.001"/>
  <system-out><![CDATA[]]></system-out>
  <system-err><![CDATA[]]></system-err>
</testsuite>
